This is pdfTeX, Version 3.141592653-2.6-1.40.24 (TeX Live 2022) (preloaded format=pdflatex 2022.10.11)  17 OCT 2022 15:14
entering extended mode
 restricted \write18 enabled.
 file:line:error style messages enabled.
 %&-line parsing enabled.
**/Users/peiyongw/Desktop/Research/QAS/drafts/paper-ieee-local/MCTS-QAS-IEEE/tqe
(/Users/peiyongw/Desktop/Research/QAS/drafts/paper-ieee-local/MCTS-QAS-IEEE/tqe.tex
LaTeX2e <2021-11-15> patch level 1
L3 programming layer <2022-02-24> (./ieeeaccess.cls (./IEEEtran.cls
Document Class: IEEEtran 2015/08/26 V1.8b by Michael Shell
-- See the "IEEEtran_HOWTO" manual for usage information.
-- http://www.michaelshell.org/tex/ieeetran/
\@IEEEtrantmpdimenA=\dimen138
\@IEEEtrantmpdimenB=\dimen139
\@IEEEtrantmpdimenC=\dimen140
\@IEEEtrantmpcountA=\count185
\@IEEEtrantmpcountB=\count186
\@IEEEtrantmpcountC=\count187
\@IEEEtrantmptoksA=\toks16
LaTeX Font Info:    Trying to load font information for OT1+ptm on input line 503.
(/usr/local/texlive/2022/texmf-dist/tex/latex/psnfss/ot1ptm.fd
File: ot1ptm.fd 2001/06/04 font definitions for OT1/ptm.
)
-- Using 8.5in x 11in (letter) paper.
-- Using PDF output.
\@IEEEnormalsizeunitybaselineskip=\dimen141
-- This is a 10 point document.
\CLASSINFOnormalsizebaselineskip=\dimen142
\CLASSINFOnormalsizeunitybaselineskip=\dimen143
\IEEEnormaljot=\dimen144
LaTeX Font Info:    Font shape `OT1/ptm/bx/n' in size <5> not available
(Font)              Font shape `OT1/ptm/b/n' tried instead on input line 1090.
LaTeX Font Info:    Font shape `OT1/ptm/bx/it' in size <5> not available
(Font)              Font shape `OT1/ptm/b/it' tried instead on input line 1090.
LaTeX Font Info:    Font shape `OT1/ptm/bx/n' in size <7> not available
(Font)              Font shape `OT1/ptm/b/n' tried instead on input line 1090.
LaTeX Font Info:    Font shape `OT1/ptm/bx/it' in size <7> not available
(Font)              Font shape `OT1/ptm/b/it' tried instead on input line 1090.
LaTeX Font Info:    Font shape `OT1/ptm/bx/n' in size <8> not available
(Font)              Font shape `OT1/ptm/b/n' tried instead on input line 1090.
LaTeX Font Info:    Font shape `OT1/ptm/bx/it' in size <8> not available
(Font)              Font shape `OT1/ptm/b/it' tried instead on input line 1090.
LaTeX Font Info:    Font shape `OT1/ptm/bx/n' in size <9> not available
(Font)              Font shape `OT1/ptm/b/n' tried instead on input line 1090.
LaTeX Font Info:    Font shape `OT1/ptm/bx/it' in size <9> not available
(Font)              Font shape `OT1/ptm/b/it' tried instead on input line 1090.
LaTeX Font Info:    Font shape `OT1/ptm/bx/n' in size <10> not available
(Font)              Font shape `OT1/ptm/b/n' tried instead on input line 1090.
LaTeX Font Info:    Font shape `OT1/ptm/bx/it' in size <10> not available
(Font)              Font shape `OT1/ptm/b/it' tried instead on input line 1090.
LaTeX Font Info:    Font shape `OT1/ptm/bx/n' in size <11> not available
(Font)              Font shape `OT1/ptm/b/n' tried instead on input line 1090.
LaTeX Font Info:    Font shape `OT1/ptm/bx/it' in size <11> not available
(Font)              Font shape `OT1/ptm/b/it' tried instead on input line 1090.
LaTeX Font Info:    Font shape `OT1/ptm/bx/n' in size <12> not available
(Font)              Font shape `OT1/ptm/b/n' tried instead on input line 1090.
LaTeX Font Info:    Font shape `OT1/ptm/bx/it' in size <12> not available
(Font)              Font shape `OT1/ptm/b/it' tried instead on input line 1090.
LaTeX Font Info:    Font shape `OT1/ptm/bx/n' in size <17> not available
(Font)              Font shape `OT1/ptm/b/n' tried instead on input line 1090.
LaTeX Font Info:    Font shape `OT1/ptm/bx/it' in size <17> not available
(Font)              Font shape `OT1/ptm/b/it' tried instead on input line 1090.
LaTeX Font Info:    Font shape `OT1/ptm/bx/n' in size <20> not available
(Font)              Font shape `OT1/ptm/b/n' tried instead on input line 1090.
LaTeX Font Info:    Font shape `OT1/ptm/bx/it' in size <20> not available
(Font)              Font shape `OT1/ptm/b/it' tried instead on input line 1090.
LaTeX Font Info:    Font shape `OT1/ptm/bx/n' in size <24> not available
(Font)              Font shape `OT1/ptm/b/n' tried instead on input line 1090.
LaTeX Font Info:    Font shape `OT1/ptm/bx/it' in size <24> not available
(Font)              Font shape `OT1/ptm/b/it' tried instead on input line 1090.
\IEEEquantizedlength=\dimen145
\IEEEquantizedlengthdiff=\dimen146
\IEEEquantizedtextheightdiff=\dimen147
\IEEEilabelindentA=\dimen148
\IEEEilabelindentB=\dimen149
\IEEEilabelindent=\dimen150
\IEEEelabelindent=\dimen151
\IEEEdlabelindent=\dimen152
\IEEElabelindent=\dimen153
\IEEEiednormlabelsep=\dimen154
\IEEEiedmathlabelsep=\dimen155
\IEEEiedtopsep=\skip47
\c@section=\count188
\c@subsection=\count189
\c@subsubsection=\count190
\c@paragraph=\count191
\c@IEEEsubequation=\count192
\abovecaptionskip=\skip48
\belowcaptionskip=\skip49
\c@figure=\count193
\c@table=\count194
\@IEEEeqnnumcols=\count195
\@IEEEeqncolcnt=\count196
\@IEEEsubeqnnumrollback=\count197
\@IEEEquantizeheightA=\dimen156
\@IEEEquantizeheightB=\dimen157
\@IEEEquantizeheightC=\dimen158
\@IEEEquantizeprevdepth=\dimen159
\@IEEEquantizemultiple=\count198
\@IEEEquantizeboxA=\box50
\@IEEEtmpitemindent=\dimen160
\IEEEPARstartletwidth=\dimen161
\c@IEEEbiography=\count199
\@IEEEtranrubishbin=\box51
) (/usr/local/texlive/2022/texmf-dist/tex/generic/iftex/ifpdf.sty
Package: ifpdf 2019/10/25 v3.4 ifpdf legacy package. Use iftex instead.
 (/usr/local/texlive/2022/texmf-dist/tex/generic/iftex/iftex.sty
Package: iftex 2022/02/03 v1.0f TeX engine tests
)) (/usr/local/texlive/2022/texmf-dist/tex/latex/xkeyval/xkeyval.sty
Package: xkeyval 2020/11/20 v2.8 package option processing (HA)
 (/usr/local/texlive/2022/texmf-dist/tex/generic/xkeyval/xkeyval.tex (/usr/local/texlive/2022/texmf-dist/tex/generic/xkeyval/xkvutils.tex
\XKV@toks=\toks17
\XKV@tempa@toks=\toks18
 (/usr/local/texlive/2022/texmf-dist/tex/generic/xkeyval/keyval.tex))
\XKV@depth=\count266
File: xkeyval.tex 2014/12/03 v2.7a key=value parser (HA)
)){/usr/local/texlive/2022/texmf-var/fonts/map/pdftex/updmap/pdftex.map}

pdfTeX warning: pdflatex (file t1-times.map): cannot open font map file


pdfTeX warning: pdflatex (file t1-formata.map): cannot open font map file


pdfTeX warning: pdflatex (file t1-giovannistd.map): cannot open font map file
\@draftversionrule=\dimen162
(/usr/local/texlive/2022/texmf-dist/tex/latex/graphics/color.sty
Package: color 2021/12/07 v1.3c Standard LaTeX Color (DPC)
 (/usr/local/texlive/2022/texmf-dist/tex/latex/graphics-cfg/color.cfg
File: color.cfg 2016/01/02 v1.6 sample color configuration
)
Package color Info: Driver file: pdftex.def on input line 149.
 (/usr/local/texlive/2022/texmf-dist/tex/latex/graphics-def/pdftex.def
File: pdftex.def 2020/10/05 v1.2a Graphics/color driver for pdftex
)) (/usr/local/texlive/2022/texmf-dist/tex/latex/spotcolor/spotcolor.sty
Package: spotcolor 2006/11/15 v1.2 Package for adding Spot Color support to pdfLaTeX.
 (/usr/local/texlive/2022/texmf-dist/tex/latex/graphics/graphics.sty
Package: graphics 2021/03/04 v1.4d Standard LaTeX Graphics (DPC,SPQR)
 (/usr/local/texlive/2022/texmf-dist/tex/latex/graphics/trig.sty
Package: trig 2021/08/11 v1.11 sin cos tan (DPC)
) (/usr/local/texlive/2022/texmf-dist/tex/latex/graphics-cfg/graphics.cfg
File: graphics.cfg 2016/06/04 v1.11 sample graphics configuration
)
Package graphics Info: Driver file: pdftex.def on input line 107.
)
\thecolorprofile=\count267
\thecolor=\count268
)
\PANTONE=\toks19
Package color Info: Redefining color black on input line 134.
\figbox=\box52
\titlewidth=\skip50
\abstractwidth=\skip51
\c@addrCtr=\count269
\abstractbox=\box53
\indexbox=\box54
\absht=\dimen163
\kwdht=\dimen164
\@tempcntc=\count270
\titlepgskip=\skip52
\maketitlebox=\box55
) (/usr/local/texlive/2022/texmf-dist/tex/latex/cite/cite.sty
LaTeX Info: Redefining \cite on input line 302.
LaTeX Info: Redefining \nocite on input line 332.
Package: cite 2015/02/27  v 5.5
) (/usr/local/texlive/2022/texmf-dist/tex/latex/amsmath/amsmath.sty
Package: amsmath 2021/10/15 v2.17l AMS math features
\@mathmargin=\skip53

For additional information on amsmath, use the `?' option.
(/usr/local/texlive/2022/texmf-dist/tex/latex/amsmath/amstext.sty
Package: amstext 2021/08/26 v2.01 AMS text
 (/usr/local/texlive/2022/texmf-dist/tex/latex/amsmath/amsgen.sty
File: amsgen.sty 1999/11/30 v2.0 generic functions
\@emptytoks=\toks20
\ex@=\dimen165
)) (/usr/local/texlive/2022/texmf-dist/tex/latex/amsmath/amsbsy.sty
Package: amsbsy 1999/11/29 v1.2d Bold Symbols
\pmbraise@=\dimen166
) (/usr/local/texlive/2022/texmf-dist/tex/latex/amsmath/amsopn.sty
Package: amsopn 2021/08/26 v2.02 operator names
)
\inf@bad=\count271
LaTeX Info: Redefining \frac on input line 234.
\uproot@=\count272
\leftroot@=\count273
LaTeX Info: Redefining \overline on input line 399.
\classnum@=\count274
\DOTSCASE@=\count275
LaTeX Info: Redefining \ldots on input line 496.
LaTeX Info: Redefining \dots on input line 499.
LaTeX Info: Redefining \cdots on input line 620.
\Mathstrutbox@=\box56
\strutbox@=\box57
\big@size=\dimen167
LaTeX Font Info:    Redeclaring font encoding OML on input line 743.
LaTeX Font Info:    Redeclaring font encoding OMS on input line 744.
\macc@depth=\count276
\c@MaxMatrixCols=\count277
\dotsspace@=\muskip16
\c@parentequation=\count278
\dspbrk@lvl=\count279
\tag@help=\toks21
\row@=\count280
\column@=\count281
\maxfields@=\count282
\andhelp@=\toks22
\eqnshift@=\dimen168
\alignsep@=\dimen169
\tagshift@=\dimen170
\tagwidth@=\dimen171
\totwidth@=\dimen172
\lineht@=\dimen173
\@envbody=\toks23
\multlinegap=\skip54
\multlinetaggap=\skip55
\mathdisplay@stack=\toks24
LaTeX Info: Redefining \[ on input line 2938.
LaTeX Info: Redefining \] on input line 2939.
) (/usr/local/texlive/2022/texmf-dist/tex/latex/amsfonts/amssymb.sty
Package: amssymb 2013/01/14 v3.01 AMS font symbols
 (/usr/local/texlive/2022/texmf-dist/tex/latex/amsfonts/amsfonts.sty
Package: amsfonts 2013/01/14 v3.01 Basic AMSFonts support
\symAMSa=\mathgroup4
\symAMSb=\mathgroup5
LaTeX Font Info:    Redeclaring math symbol \hbar on input line 98.
LaTeX Font Info:    Overwriting math alphabet `\mathfrak' in version `bold'
(Font)                  U/euf/m/n --> U/euf/b/n on input line 106.
)) (/usr/local/texlive/2022/texmf-dist/tex/latex/graphics/graphicx.sty
Package: graphicx 2021/09/16 v1.2d Enhanced LaTeX Graphics (DPC,SPQR)
\Gin@req@height=\dimen174
\Gin@req@width=\dimen175
) (/usr/local/texlive/2022/texmf-dist/tex/latex/base/textcomp.sty
Package: textcomp 2020/02/02 v2.0n Standard LaTeX package
) (/usr/local/texlive/2022/texmf-dist/tex/latex/algorithms/algorithm.sty
Package: algorithm 2009/08/24 v0.1 Document Style `algorithm' - floating environment
 (/usr/local/texlive/2022/texmf-dist/tex/latex/float/float.sty
Package: float 2001/11/08 v1.3d Float enhancements (AL)
\c@float@type=\count283
\float@exts=\toks25
\float@box=\box58
\@float@everytoks=\toks26
\@floatcapt=\box59
) (/usr/local/texlive/2022/texmf-dist/tex/latex/base/ifthen.sty
Package: ifthen 2020/11/24 v1.1c Standard LaTeX ifthen package (DPC)
)
\@float@every@algorithm=\toks27
\c@algorithm=\count284
) (/usr/local/texlive/2022/texmf-dist/tex/latex/algorithmicx/algpseudocode.sty
Package: algpseudocode 
 (/usr/local/texlive/2022/texmf-dist/tex/latex/algorithmicx/algorithmicx.sty
Package: algorithmicx 2005/04/27 v1.2 Algorithmicx

Document Style algorithmicx 1.2 - a greatly improved `algorithmic' style
\c@ALG@line=\count285
\c@ALG@rem=\count286
\c@ALG@nested=\count287
\ALG@tlm=\skip56
\ALG@thistlm=\skip57
\c@ALG@Lnr=\count288
\c@ALG@blocknr=\count289
\c@ALG@storecount=\count290
\c@ALG@tmpcounter=\count291
\ALG@tmplength=\skip58
)
Document Style - pseudocode environments for use with the `algorithmicx' style
) (/usr/local/texlive/2022/texmf-dist/tex/latex/pgf/frontendlayer/tikz.sty (/usr/local/texlive/2022/texmf-dist/tex/latex/pgf/basiclayer/pgf.sty (/usr/local/texlive/2022/texmf-dist/tex/latex/pgf/utilities/pgfrcs.sty (/usr/local/texlive/2022/texmf-dist/tex/generic/pgf/utilities/pgfutil-common.tex
\pgfutil@everybye=\toks28
\pgfutil@tempdima=\dimen176
\pgfutil@tempdimb=\dimen177
 (/usr/local/texlive/2022/texmf-dist/tex/generic/pgf/utilities/pgfutil-common-lists.tex)) (/usr/local/texlive/2022/texmf-dist/tex/generic/pgf/utilities/pgfutil-latex.def
\pgfutil@abb=\box60
) (/usr/local/texlive/2022/texmf-dist/tex/generic/pgf/utilities/pgfrcs.code.tex (/usr/local/texlive/2022/texmf-dist/tex/generic/pgf/pgf.revision.tex)
Package: pgfrcs 2021/05/15 v3.1.9a (3.1.9a)
))
Package: pgf 2021/05/15 v3.1.9a (3.1.9a)
 (/usr/local/texlive/2022/texmf-dist/tex/latex/pgf/basiclayer/pgfcore.sty (/usr/local/texlive/2022/texmf-dist/tex/latex/pgf/systemlayer/pgfsys.sty (/usr/local/texlive/2022/texmf-dist/tex/generic/pgf/systemlayer/pgfsys.code.tex
Package: pgfsys 2021/05/15 v3.1.9a (3.1.9a)
 (/usr/local/texlive/2022/texmf-dist/tex/generic/pgf/utilities/pgfkeys.code.tex
\pgfkeys@pathtoks=\toks29
\pgfkeys@temptoks=\toks30
 (/usr/local/texlive/2022/texmf-dist/tex/generic/pgf/utilities/pgfkeysfiltered.code.tex
\pgfkeys@tmptoks=\toks31
))
\pgf@x=\dimen178
\pgf@y=\dimen179
\pgf@xa=\dimen180
\pgf@ya=\dimen181
\pgf@xb=\dimen182
\pgf@yb=\dimen183
\pgf@xc=\dimen184
\pgf@yc=\dimen185
\pgf@xd=\dimen186
\pgf@yd=\dimen187
\w@pgf@writea=\write3
\r@pgf@reada=\read2
\c@pgf@counta=\count292
\c@pgf@countb=\count293
\c@pgf@countc=\count294
\c@pgf@countd=\count295
\t@pgf@toka=\toks32
\t@pgf@tokb=\toks33
\t@pgf@tokc=\toks34
\pgf@sys@id@count=\count296
 (/usr/local/texlive/2022/texmf-dist/tex/generic/pgf/systemlayer/pgf.cfg
File: pgf.cfg 2021/05/15 v3.1.9a (3.1.9a)
)
Driver file for pgf: pgfsys-pdftex.def
 (/usr/local/texlive/2022/texmf-dist/tex/generic/pgf/systemlayer/pgfsys-pdftex.def
File: pgfsys-pdftex.def 2021/05/15 v3.1.9a (3.1.9a)
 (/usr/local/texlive/2022/texmf-dist/tex/generic/pgf/systemlayer/pgfsys-common-pdf.def
File: pgfsys-common-pdf.def 2021/05/15 v3.1.9a (3.1.9a)
))) (/usr/local/texlive/2022/texmf-dist/tex/generic/pgf/systemlayer/pgfsyssoftpath.code.tex
File: pgfsyssoftpath.code.tex 2021/05/15 v3.1.9a (3.1.9a)
\pgfsyssoftpath@smallbuffer@items=\count297
\pgfsyssoftpath@bigbuffer@items=\count298
) (/usr/local/texlive/2022/texmf-dist/tex/generic/pgf/systemlayer/pgfsysprotocol.code.tex
File: pgfsysprotocol.code.tex 2021/05/15 v3.1.9a (3.1.9a)
)) (/usr/local/texlive/2022/texmf-dist/tex/latex/xcolor/xcolor.sty
Package: xcolor 2021/10/31 v2.13 LaTeX color extensions (UK)
 (/usr/local/texlive/2022/texmf-dist/tex/latex/graphics-cfg/color.cfg
File: color.cfg 2016/01/02 v1.6 sample color configuration
)
Package xcolor Info: Driver file: pdftex.def on input line 227.
LaTeX Info: Redefining \color on input line 711.
Package xcolor Info: Model `cmy' substituted by `cmy0' on input line 1352.
Package xcolor Info: Model `hsb' substituted by `rgb' on input line 1356.
Package xcolor Info: Model `RGB' extended on input line 1368.
Package xcolor Info: Model `HTML' substituted by `rgb' on input line 1370.
Package xcolor Info: Model `Hsb' substituted by `hsb' on input line 1371.
Package xcolor Info: Model `tHsb' substituted by `hsb' on input line 1372.
Package xcolor Info: Model `HSB' substituted by `hsb' on input line 1373.
Package xcolor Info: Model `Gray' substituted by `gray' on input line 1374.
Package xcolor Info: Model `wave' substituted by `hsb' on input line 1375.
) (/usr/local/texlive/2022/texmf-dist/tex/generic/pgf/basiclayer/pgfcore.code.tex
Package: pgfcore 2021/05/15 v3.1.9a (3.1.9a)
 (/usr/local/texlive/2022/texmf-dist/tex/generic/pgf/math/pgfmath.code.tex (/usr/local/texlive/2022/texmf-dist/tex/generic/pgf/math/pgfmathcalc.code.tex (/usr/local/texlive/2022/texmf-dist/tex/generic/pgf/math/pgfmathutil.code.tex) (/usr/local/texlive/2022/texmf-dist/tex/generic/pgf/math/pgfmathparser.code.tex
\pgfmath@dimen=\dimen188
\pgfmath@count=\count299
\pgfmath@box=\box61
\pgfmath@toks=\toks35
\pgfmath@stack@operand=\toks36
\pgfmath@stack@operation=\toks37
) (/usr/local/texlive/2022/texmf-dist/tex/generic/pgf/math/pgfmathfunctions.code.tex (/usr/local/texlive/2022/texmf-dist/tex/generic/pgf/math/pgfmathfunctions.basic.code.tex) (/usr/local/texlive/2022/texmf-dist/tex/generic/pgf/math/pgfmathfunctions.trigonometric.code.tex) (/usr/local/texlive/2022/texmf-dist/tex/generic/pgf/math/pgfmathfunctions.random.code.tex) (/usr/local/texlive/2022/texmf-dist/tex/generic/pgf/math/pgfmathfunctions.comparison.code.tex) (/usr/local/texlive/2022/texmf-dist/tex/generic/pgf/math/pgfmathfunctions.base.code.tex) (/usr/local/texlive/2022/texmf-dist/tex/generic/pgf/math/pgfmathfunctions.round.code.tex) (/usr/local/texlive/2022/texmf-dist/tex/generic/pgf/math/pgfmathfunctions.misc.code.tex) (/usr/local/texlive/2022/texmf-dist/tex/generic/pgf/math/pgfmathfunctions.integerarithmetics.code.tex))) (/usr/local/texlive/2022/texmf-dist/tex/generic/pgf/math/pgfmathfloat.code.tex
\c@pgfmathroundto@lastzeros=\count300
)) (/usr/local/texlive/2022/texmf-dist/tex/generic/pgf/math/pgfint.code.tex) (/usr/local/texlive/2022/texmf-dist/tex/generic/pgf/basiclayer/pgfcorepoints.code.tex
File: pgfcorepoints.code.tex 2021/05/15 v3.1.9a (3.1.9a)
\pgf@picminx=\dimen189
\pgf@picmaxx=\dimen190
\pgf@picminy=\dimen191
\pgf@picmaxy=\dimen192
\pgf@pathminx=\dimen193
\pgf@pathmaxx=\dimen194
\pgf@pathminy=\dimen195
\pgf@pathmaxy=\dimen196
\pgf@xx=\dimen197
\pgf@xy=\dimen198
\pgf@yx=\dimen199
\pgf@yy=\dimen256
\pgf@zx=\dimen257
\pgf@zy=\dimen258
) (/usr/local/texlive/2022/texmf-dist/tex/generic/pgf/basiclayer/pgfcorepathconstruct.code.tex
File: pgfcorepathconstruct.code.tex 2021/05/15 v3.1.9a (3.1.9a)
\pgf@path@lastx=\dimen259
\pgf@path@lasty=\dimen260
) (/usr/local/texlive/2022/texmf-dist/tex/generic/pgf/basiclayer/pgfcorepathusage.code.tex
File: pgfcorepathusage.code.tex 2021/05/15 v3.1.9a (3.1.9a)
\pgf@shorten@end@additional=\dimen261
\pgf@shorten@start@additional=\dimen262
) (/usr/local/texlive/2022/texmf-dist/tex/generic/pgf/basiclayer/pgfcorescopes.code.tex
File: pgfcorescopes.code.tex 2021/05/15 v3.1.9a (3.1.9a)
\pgfpic=\box62
\pgf@hbox=\box63
\pgf@layerbox@main=\box64
\pgf@picture@serial@count=\count301
) (/usr/local/texlive/2022/texmf-dist/tex/generic/pgf/basiclayer/pgfcoregraphicstate.code.tex
File: pgfcoregraphicstate.code.tex 2021/05/15 v3.1.9a (3.1.9a)
\pgflinewidth=\dimen263
) (/usr/local/texlive/2022/texmf-dist/tex/generic/pgf/basiclayer/pgfcoretransformations.code.tex
File: pgfcoretransformations.code.tex 2021/05/15 v3.1.9a (3.1.9a)
\pgf@pt@x=\dimen264
\pgf@pt@y=\dimen265
\pgf@pt@temp=\dimen266
) (/usr/local/texlive/2022/texmf-dist/tex/generic/pgf/basiclayer/pgfcorequick.code.tex
File: pgfcorequick.code.tex 2021/05/15 v3.1.9a (3.1.9a)
) (/usr/local/texlive/2022/texmf-dist/tex/generic/pgf/basiclayer/pgfcoreobjects.code.tex
File: pgfcoreobjects.code.tex 2021/05/15 v3.1.9a (3.1.9a)
) (/usr/local/texlive/2022/texmf-dist/tex/generic/pgf/basiclayer/pgfcorepathprocessing.code.tex
File: pgfcorepathprocessing.code.tex 2021/05/15 v3.1.9a (3.1.9a)
) (/usr/local/texlive/2022/texmf-dist/tex/generic/pgf/basiclayer/pgfcorearrows.code.tex
File: pgfcorearrows.code.tex 2021/05/15 v3.1.9a (3.1.9a)
\pgfarrowsep=\dimen267
) (/usr/local/texlive/2022/texmf-dist/tex/generic/pgf/basiclayer/pgfcoreshade.code.tex
File: pgfcoreshade.code.tex 2021/05/15 v3.1.9a (3.1.9a)
\pgf@max=\dimen268
\pgf@sys@shading@range@num=\count302
\pgf@shadingcount=\count303
) (/usr/local/texlive/2022/texmf-dist/tex/generic/pgf/basiclayer/pgfcoreimage.code.tex
File: pgfcoreimage.code.tex 2021/05/15 v3.1.9a (3.1.9a)
 (/usr/local/texlive/2022/texmf-dist/tex/generic/pgf/basiclayer/pgfcoreexternal.code.tex
File: pgfcoreexternal.code.tex 2021/05/15 v3.1.9a (3.1.9a)
\pgfexternal@startupbox=\box65
)) (/usr/local/texlive/2022/texmf-dist/tex/generic/pgf/basiclayer/pgfcorelayers.code.tex
File: pgfcorelayers.code.tex 2021/05/15 v3.1.9a (3.1.9a)
) (/usr/local/texlive/2022/texmf-dist/tex/generic/pgf/basiclayer/pgfcoretransparency.code.tex
File: pgfcoretransparency.code.tex 2021/05/15 v3.1.9a (3.1.9a)
) (/usr/local/texlive/2022/texmf-dist/tex/generic/pgf/basiclayer/pgfcorepatterns.code.tex
File: pgfcorepatterns.code.tex 2021/05/15 v3.1.9a (3.1.9a)
) (/usr/local/texlive/2022/texmf-dist/tex/generic/pgf/basiclayer/pgfcorerdf.code.tex
File: pgfcorerdf.code.tex 2021/05/15 v3.1.9a (3.1.9a)
))) (/usr/local/texlive/2022/texmf-dist/tex/generic/pgf/modules/pgfmoduleshapes.code.tex
File: pgfmoduleshapes.code.tex 2021/05/15 v3.1.9a (3.1.9a)
\pgfnodeparttextbox=\box66
) (/usr/local/texlive/2022/texmf-dist/tex/generic/pgf/modules/pgfmoduleplot.code.tex
File: pgfmoduleplot.code.tex 2021/05/15 v3.1.9a (3.1.9a)
) (/usr/local/texlive/2022/texmf-dist/tex/latex/pgf/compatibility/pgfcomp-version-0-65.sty
Package: pgfcomp-version-0-65 2021/05/15 v3.1.9a (3.1.9a)
\pgf@nodesepstart=\dimen269
\pgf@nodesepend=\dimen270
) (/usr/local/texlive/2022/texmf-dist/tex/latex/pgf/compatibility/pgfcomp-version-1-18.sty
Package: pgfcomp-version-1-18 2021/05/15 v3.1.9a (3.1.9a)
)) (/usr/local/texlive/2022/texmf-dist/tex/latex/pgf/utilities/pgffor.sty (/usr/local/texlive/2022/texmf-dist/tex/latex/pgf/utilities/pgfkeys.sty (/usr/local/texlive/2022/texmf-dist/tex/generic/pgf/utilities/pgfkeys.code.tex)) (/usr/local/texlive/2022/texmf-dist/tex/latex/pgf/math/pgfmath.sty (/usr/local/texlive/2022/texmf-dist/tex/generic/pgf/math/pgfmath.code.tex)) (/usr/local/texlive/2022/texmf-dist/tex/generic/pgf/utilities/pgffor.code.tex
Package: pgffor 2021/05/15 v3.1.9a (3.1.9a)
 (/usr/local/texlive/2022/texmf-dist/tex/generic/pgf/math/pgfmath.code.tex)
\pgffor@iter=\dimen271
\pgffor@skip=\dimen272
\pgffor@stack=\toks38
\pgffor@toks=\toks39
)) (/usr/local/texlive/2022/texmf-dist/tex/generic/pgf/frontendlayer/tikz/tikz.code.tex
Package: tikz 2021/05/15 v3.1.9a (3.1.9a)
 (/usr/local/texlive/2022/texmf-dist/tex/generic/pgf/libraries/pgflibraryplothandlers.code.tex
File: pgflibraryplothandlers.code.tex 2021/05/15 v3.1.9a (3.1.9a)
\pgf@plot@mark@count=\count304
\pgfplotmarksize=\dimen273
)
\tikz@lastx=\dimen274
\tikz@lasty=\dimen275
\tikz@lastxsaved=\dimen276
\tikz@lastysaved=\dimen277
\tikz@lastmovetox=\dimen278
\tikz@lastmovetoy=\dimen279
\tikzleveldistance=\dimen280
\tikzsiblingdistance=\dimen281
\tikz@figbox=\box67
\tikz@figbox@bg=\box68
\tikz@tempbox=\box69
\tikz@tempbox@bg=\box70
\tikztreelevel=\count305
\tikznumberofchildren=\count306
\tikznumberofcurrentchild=\count307
\tikz@fig@count=\count308
 (/usr/local/texlive/2022/texmf-dist/tex/generic/pgf/modules/pgfmodulematrix.code.tex
File: pgfmodulematrix.code.tex 2021/05/15 v3.1.9a (3.1.9a)
\pgfmatrixcurrentrow=\count309
\pgfmatrixcurrentcolumn=\count310
\pgf@matrix@numberofcolumns=\count311
)
\tikz@expandcount=\count312
 (/usr/local/texlive/2022/texmf-dist/tex/generic/pgf/frontendlayer/tikz/libraries/tikzlibrarytopaths.code.tex
File: tikzlibrarytopaths.code.tex 2021/05/15 v3.1.9a (3.1.9a)
))) (/usr/local/texlive/2022/texmf-dist/tex/latex/quantikz/tikzlibraryquantikz.code.tex (/usr/local/texlive/2022/texmf-dist/tex/latex/xargs/xargs.sty
Package: xargs 2008/03/22 v1.1  extended macro definitions  (mpg)
\xargs@max=\count313
\xargs@toksa=\toks40
\xargs@toksb=\toks41
) (/usr/local/texlive/2022/texmf-dist/tex/generic/xstring/xstring.sty (/usr/local/texlive/2022/texmf-dist/tex/generic/xstring/xstring.tex
\integerpart=\count314
\decimalpart=\count315
)
Package: xstring 2021/07/21 v1.84 String manipulations (CT)
) (/usr/local/texlive/2022/texmf-dist/tex/latex/l3packages/xparse/xparse.sty (/usr/local/texlive/2022/texmf-dist/tex/latex/l3kernel/expl3.sty
Package: expl3 2022-02-24 L3 programming layer (loader) 
 (/usr/local/texlive/2022/texmf-dist/tex/latex/l3backend/l3backend-pdftex.def
File: l3backend-pdftex.def 2022-02-07 L3 backend support: PDF output (pdfTeX)
\l__color_backend_stack_int=\count316
\l__pdf_internal_box=\box71
))
Package: xparse 2022-01-12 L3 Experimental document command parser
) (/usr/local/texlive/2022/texmf-dist/tex/latex/etoolbox/etoolbox.sty
Package: etoolbox 2020/10/05 v2.5k e-TeX tools for LaTeX (JAW)
\etb@tempcnta=\count317
) (/usr/local/texlive/2022/texmf-dist/tex/latex/mathtools/mathtools.sty
Package: mathtools 2022/02/07 v1.28a mathematical typesetting tools
 (/usr/local/texlive/2022/texmf-dist/tex/latex/tools/calc.sty
Package: calc 2017/05/25 v4.3 Infix arithmetic (KKT,FJ)
\calc@Acount=\count318
\calc@Bcount=\count319
\calc@Adimen=\dimen282
\calc@Bdimen=\dimen283
\calc@Askip=\skip59
\calc@Bskip=\skip60
LaTeX Info: Redefining \setlength on input line 80.
LaTeX Info: Redefining \addtolength on input line 81.
\calc@Ccount=\count320
\calc@Cskip=\skip61
) (/usr/local/texlive/2022/texmf-dist/tex/latex/mathtools/mhsetup.sty
Package: mhsetup 2021/03/18 v1.4 programming setup (MH)
)
\g_MT_multlinerow_int=\count321
\l_MT_multwidth_dim=\dimen284
\origjot=\skip62
\l_MT_shortvdotswithinadjustabove_dim=\dimen285
\l_MT_shortvdotswithinadjustbelow_dim=\dimen286
\l_MT_above_intertext_sep=\dimen287
\l_MT_below_intertext_sep=\dimen288
\l_MT_above_shortintertext_sep=\dimen289
\l_MT_below_shortintertext_sep=\dimen290
\xmathstrut@box=\box72
\xmathstrut@dim=\dimen291
) (/usr/local/texlive/2022/texmf-dist/tex/latex/environ/environ.sty
Package: environ 2014/05/04 v0.3 A new way to define environments
 (/usr/local/texlive/2022/texmf-dist/tex/latex/trimspaces/trimspaces.sty
Package: trimspaces 2009/09/17 v1.1 Trim spaces around a token list
)) (/usr/local/texlive/2022/texmf-dist/tex/generic/tikz-cd/tikzlibrarycd.code.tex (/usr/local/texlive/2022/texmf-dist/tex/generic/pgf/frontendlayer/tikz/libraries/tikzlibrarymatrix.code.tex
File: tikzlibrarymatrix.code.tex 2021/05/15 v3.1.9a (3.1.9a)
) (/usr/local/texlive/2022/texmf-dist/tex/generic/pgf/frontendlayer/tikz/libraries/tikzlibraryquotes.code.tex
File: tikzlibraryquotes.code.tex 2021/05/15 v3.1.9a (3.1.9a)
) (/usr/local/texlive/2022/texmf-dist/tex/generic/pgf/libraries/pgflibraryarrows.meta.code.tex
File: pgflibraryarrows.meta.code.tex 2021/05/15 v3.1.9a (3.1.9a)
\pgfarrowinset=\dimen292
\pgfarrowlength=\dimen293
\pgfarrowwidth=\dimen294
\pgfarrowlinewidth=\dimen295
)) (/usr/local/texlive/2022/texmf-dist/tex/generic/pgf/frontendlayer/tikz/libraries/tikzlibrarydecorations.pathreplacing.code.tex (/usr/local/texlive/2022/texmf-dist/tex/generic/pgf/frontendlayer/tikz/libraries/tikzlibrarydecorations.code.tex (/usr/local/texlive/2022/texmf-dist/tex/generic/pgf/modules/pgfmoduledecorations.code.tex
\pgfdecoratedcompleteddistance=\dimen296
\pgfdecoratedremainingdistance=\dimen297
\pgfdecoratedinputsegmentcompleteddistance=\dimen298
\pgfdecoratedinputsegmentremainingdistance=\dimen299
\pgf@decorate@distancetomove=\dimen300
\pgf@decorate@repeatstate=\count322
\pgfdecorationsegmentamplitude=\dimen301
\pgfdecorationsegmentlength=\dimen302
)
\tikz@lib@dec@box=\box73
) (/usr/local/texlive/2022/texmf-dist/tex/generic/pgf/libraries/decorations/pgflibrarydecorations.pathreplacing.code.tex)) (/usr/local/texlive/2022/texmf-dist/tex/generic/pgf/frontendlayer/tikz/libraries/tikzlibrarycalc.code.tex
File: tikzlibrarycalc.code.tex 2021/05/15 v3.1.9a (3.1.9a)
) (/usr/local/texlive/2022/texmf-dist/tex/generic/pgf/frontendlayer/tikz/libraries/tikzlibrarypositioning.code.tex
File: tikzlibrarypositioning.code.tex 2021/05/15 v3.1.9a (3.1.9a)
) (/usr/local/texlive/2022/texmf-dist/tex/generic/pgf/frontendlayer/tikz/libraries/tikzlibraryfit.code.tex
File: tikzlibraryfit.code.tex 2021/05/15 v3.1.9a (3.1.9a)
) (/usr/local/texlive/2022/texmf-dist/tex/generic/pgf/frontendlayer/tikz/libraries/tikzlibraryshapes.symbols.code.tex
File: tikzlibraryshapes.symbols.code.tex 2021/05/15 v3.1.9a (3.1.9a)
 (/usr/local/texlive/2022/texmf-dist/tex/generic/pgf/libraries/shapes/pgflibraryshapes.symbols.code.tex
File: pgflibraryshapes.symbols.code.tex 2021/05/15 v3.1.9a (3.1.9a)
)) (/usr/local/texlive/2022/texmf-dist/tex/generic/pgf/frontendlayer/tikz/libraries/tikzlibrarydecorations.pathmorphing.code.tex (/usr/local/texlive/2022/texmf-dist/tex/generic/pgf/libraries/decorations/pgflibrarydecorations.pathmorphing.code.tex)) (/usr/local/texlive/2022/texmf-dist/tex/generic/pgf/frontendlayer/tikz/libraries/tikzlibraryshapes.misc.code.tex
File: tikzlibraryshapes.misc.code.tex 2021/05/15 v3.1.9a (3.1.9a)
 (/usr/local/texlive/2022/texmf-dist/tex/generic/pgf/libraries/shapes/pgflibraryshapes.misc.code.tex
File: pgflibraryshapes.misc.code.tex 2021/05/15 v3.1.9a (3.1.9a)
)) (/usr/local/texlive/2022/texmf-dist/tex/generic/pgf/frontendlayer/tikz/libraries/tikzlibrarybackgrounds.code.tex
File: tikzlibrarybackgrounds.code.tex 2021/05/15 v3.1.9a (3.1.9a)
\pgf@layerbox@background=\box74
\pgf@layerboxsaved@background=\box75
) (/usr/local/texlive/2022/texmf-dist/tex/generic/pgf/frontendlayer/tikz/libraries/tikzlibrarydecorations.markings.code.tex (/usr/local/texlive/2022/texmf-dist/tex/generic/pgf/libraries/decorations/pgflibrarydecorations.markings.code.tex)) (/usr/local/texlive/2022/texmf-dist/tex/generic/pgf/frontendlayer/tikz/libraries/tikzlibrarymath.code.tex (/usr/local/texlive/2022/texmf-dist/tex/generic/pgf/frontendlayer/tikz/libraries/tikzlibraryfpu.code.tex (/usr/local/texlive/2022/texmf-dist/tex/generic/pgf/libraries/pgflibraryfpu.code.tex))
\tikz@math@for@depth=\count323
\tikz@math@dimen=\dimen303
\tikz@math@toks=\toks42
)
\myl=\skip63
\myh=\skip64
\myd=\skip65
\c@aaa=\count324
LaTeX Font Info:    Trying to load font information for U+msa on input line 142.
 (/usr/local/texlive/2022/texmf-dist/tex/latex/amsfonts/umsa.fd
File: umsa.fd 2013/01/14 v3.01 AMS symbols A
)
LaTeX Font Info:    Trying to load font information for U+msb on input line 142.
 (/usr/local/texlive/2022/texmf-dist/tex/latex/amsfonts/umsb.fd
File: umsb.fd 2013/01/14 v3.01 AMS symbols B
))
\PANTONE=\toks43
 (/usr/local/texlive/2022/texmf-dist/tex/latex/hyperref/hyperref.sty
Package: hyperref 2022-02-21 v7.00n Hypertext links for LaTeX
 (/usr/local/texlive/2022/texmf-dist/tex/generic/ltxcmds/ltxcmds.sty
Package: ltxcmds 2020-05-10 v1.25 LaTeX kernel commands for general use (HO)
) (/usr/local/texlive/2022/texmf-dist/tex/generic/pdftexcmds/pdftexcmds.sty
Package: pdftexcmds 2020-06-27 v0.33 Utility functions of pdfTeX for LuaTeX (HO)
 (/usr/local/texlive/2022/texmf-dist/tex/generic/infwarerr/infwarerr.sty
Package: infwarerr 2019/12/03 v1.5 Providing info/warning/error messages (HO)
)
Package pdftexcmds Info: \pdf@primitive is available.
Package pdftexcmds Info: \pdf@ifprimitive is available.
Package pdftexcmds Info: \pdfdraftmode found.
) (/usr/local/texlive/2022/texmf-dist/tex/generic/kvsetkeys/kvsetkeys.sty
Package: kvsetkeys 2019/12/15 v1.18 Key value parser (HO)
) (/usr/local/texlive/2022/texmf-dist/tex/generic/kvdefinekeys/kvdefinekeys.sty
Package: kvdefinekeys 2019-12-19 v1.6 Define keys (HO)
) (/usr/local/texlive/2022/texmf-dist/tex/generic/pdfescape/pdfescape.sty
Package: pdfescape 2019/12/09 v1.15 Implements pdfTeX's escape features (HO)
) (/usr/local/texlive/2022/texmf-dist/tex/latex/hycolor/hycolor.sty
Package: hycolor 2020-01-27 v1.10 Color options for hyperref/bookmark (HO)
) (/usr/local/texlive/2022/texmf-dist/tex/latex/letltxmacro/letltxmacro.sty
Package: letltxmacro 2019/12/03 v1.6 Let assignment for LaTeX macros (HO)
) (/usr/local/texlive/2022/texmf-dist/tex/latex/auxhook/auxhook.sty
Package: auxhook 2019-12-17 v1.6 Hooks for auxiliary files (HO)
)
(/usr/local/texlive/2022/texmf-dist/tex/latex/kvoptions/kvoptions.sty
Package: kvoptions 2020-10-07 v3.14 Key value format for package options (HO)
)
\@linkdim=\dimen304
\Hy@linkcounter=\count325
\Hy@pagecounter=\count326
 (/usr/local/texlive/2022/texmf-dist/tex/latex/hyperref/pd1enc.def
File: pd1enc.def 2022-02-21 v7.00n Hyperref: PDFDocEncoding definition (HO)
Now handling font encoding PD1 ...
... no UTF-8 mapping file for font encoding PD1
) (/usr/local/texlive/2022/texmf-dist/tex/generic/intcalc/intcalc.sty
Package: intcalc 2019/12/15 v1.3 Expandable calculations with integers (HO)
) (/usr/local/texlive/2022/texmf-dist/tex/generic/etexcmds/etexcmds.sty
Package: etexcmds 2019/12/15 v1.7 Avoid name clashes with e-TeX commands (HO)
)
\Hy@SavedSpaceFactor=\count327
 (/usr/local/texlive/2022/texmf-dist/tex/latex/hyperref/puenc.def
File: puenc.def 2022-02-21 v7.00n Hyperref: PDF Unicode definition (HO)
Now handling font encoding PU ...
... no UTF-8 mapping file for font encoding PU
)
Package hyperref Info: Hyper figures OFF on input line 4137.
Package hyperref Info: Link nesting OFF on input line 4142.
Package hyperref Info: Hyper index ON on input line 4145.
Package hyperref Info: Plain pages OFF on input line 4152.
Package hyperref Info: Backreferencing OFF on input line 4157.
Package hyperref Info: Implicit mode ON; LaTeX internals redefined.
Package hyperref Info: Bookmarks ON on input line 4390.
\c@Hy@tempcnt=\count328
 (/usr/local/texlive/2022/texmf-dist/tex/latex/url/url.sty
\Urlmuskip=\muskip17
Package: url 2013/09/16  ver 3.4  Verb mode for urls, etc.
)
LaTeX Info: Redefining \url on input line 4749.
\XeTeXLinkMargin=\dimen305
 (/usr/local/texlive/2022/texmf-dist/tex/generic/bitset/bitset.sty
Package: bitset 2019/12/09 v1.3 Handle bit-vector datatype (HO)
 (/usr/local/texlive/2022/texmf-dist/tex/generic/bigintcalc/bigintcalc.sty
Package: bigintcalc 2019/12/15 v1.5 Expandable calculations on big integers (HO)
))
\Fld@menulength=\count329
\Field@Width=\dimen306
\Fld@charsize=\dimen307
Package hyperref Info: Hyper figures OFF on input line 6027.
Package hyperref Info: Link nesting OFF on input line 6032.
Package hyperref Info: Hyper index ON on input line 6035.
Package hyperref Info: backreferencing OFF on input line 6042.
Package hyperref Info: Link coloring OFF on input line 6047.
Package hyperref Info: Link coloring with OCG OFF on input line 6052.
Package hyperref Info: PDF/A mode OFF on input line 6057.
LaTeX Info: Redefining \ref on input line 6097.
LaTeX Info: Redefining \pageref on input line 6101.
 (/usr/local/texlive/2022/texmf-dist/tex/latex/base/atbegshi-ltx.sty
Package: atbegshi-ltx 2021/01/10 v1.0c Emulation of the original atbegshi
package with kernel methods
)
\Hy@abspage=\count330
\c@Item=\count331
\c@Hfootnote=\count332
)
Package hyperref Info: Driver (autodetected): hpdftex.
 (/usr/local/texlive/2022/texmf-dist/tex/latex/hyperref/hpdftex.def
File: hpdftex.def 2022-02-21 v7.00n Hyperref driver for pdfTeX
 (/usr/local/texlive/2022/texmf-dist/tex/latex/base/atveryend-ltx.sty
Package: atveryend-ltx 2020/08/19 v1.0a Emulation of the original atveryend package
with kernel methods
)
\Fld@listcount=\count333
\c@bookmark@seq@number=\count334
 (/usr/local/texlive/2022/texmf-dist/tex/latex/rerunfilecheck/rerunfilecheck.sty
Package: rerunfilecheck 2019/12/05 v1.9 Rerun checks for auxiliary files (HO)
 (/usr/local/texlive/2022/texmf-dist/tex/generic/uniquecounter/uniquecounter.sty
Package: uniquecounter 2019/12/15 v1.4 Provide unlimited unique counter (HO)
)
Package uniquecounter Info: New unique counter `rerunfilecheck' on input line 286.
)
\Hy@SectionHShift=\skip66
) (/usr/local/texlive/2022/texmf-dist/tex/latex/caption/subcaption.sty
Package: subcaption 2022/01/07 v1.5 Sub-captions (AR)
 (/usr/local/texlive/2022/texmf-dist/tex/latex/caption/caption.sty
Package: caption 2022/03/01 v3.6b Customizing captions (AR)
 (/usr/local/texlive/2022/texmf-dist/tex/latex/caption/caption3.sty
Package: caption3 2022/03/17 v2.3b caption3 kernel (AR)
\caption@tempdima=\dimen308
\captionmargin=\dimen309
\caption@leftmargin=\dimen310
\caption@rightmargin=\dimen311
\caption@width=\dimen312
\caption@indent=\dimen313
\caption@parindent=\dimen314
\caption@hangindent=\dimen315
Package caption Info: Unknown document class (or package),
(caption)             standard defaults will be used.
Package caption Info: \@makecaption = \long macro:#1#2->\ifx \@captype \@IEEEtablestring \begin {flushleft} \vspace *{5pt} {\vss \color {accessblue}\tablecapheadfont #1. \ }{\raggedright \tablecapfont #2\vss }\end {flushleft} \@IEEEtablecaptionsepspace \else \@IEEEfigurecaptionsepspace \setbox \@tempboxa \hbox {\strut {\color {accessblue}\figcapheadfont #1. \ }\raggedright \figcapfont #2\strut }\ifdim \xfigwd >\columnwidth \setbox \@tempboxa \hbox {{\color {accessblue}\figcapheadfont #1. \ }}\mbox {}\hfill \begin {tabular}{@{}l@{}}\noindent \raggedright \unhbox \@tempboxa \figcapfont #2\end {tabular}\hfill \mbox {}\else \setbox \@tempboxa \hbox {{\color {accessblue}\figcapheadfont #1. \ }}{\vss \raggedright \noindent \unhbox \@tempboxa \figcapfont #2\vss }\fi \fi \vskip 1pt plus 1pt minus 1pt on input line 1176.
)

Package caption Warning: Unknown document class (or package),
(caption)                standard defaults will be used.
See the caption package documentation for explanation.

\c@caption@flags=\count335
\c@continuedfloat=\count336
Package caption Info: float package is loaded.
Package caption Info: hyperref package is loaded.
)
\c@subfigure=\count337
\c@subtable=\count338
) (/usr/local/texlive/2022/texmf-dist/tex/latex/physics/physics.sty
Package: physics 
) (/usr/local/texlive/2022/texmf-dist/tex/generic/ulem/ulem.sty
\UL@box=\box76
\UL@hyphenbox=\box77
\UL@skip=\skip67
\UL@hook=\toks44
\UL@height=\dimen316
\UL@pe=\count339
\UL@pixel=\dimen317
\ULC@box=\box78
Package: ulem 2019/11/18
\ULdepth=\dimen318
) (/usr/local/texlive/2022/texmf-dist/tex/generic/soul/soul.sty
Package: soul 2003/11/17 v2.4 letterspacing/underlining (mf)
\SOUL@word=\toks45
\SOUL@lasttoken=\toks46
\SOUL@cmds=\toks47
\SOUL@buffer=\toks48
\SOUL@token=\toks49
\SOUL@spaceskip=\skip68
\SOUL@ttwidth=\dimen319
\SOUL@uldp=\dimen320
\SOUL@ulht=\dimen321
)
\c@theorem=\count340
 (./tqe.aux)
\openout1 = `tqe.aux'.

LaTeX Font Info:    Checking defaults for OML/cmm/m/it on input line 31.
LaTeX Font Info:    ... okay on input line 31.
LaTeX Font Info:    Checking defaults for OMS/cmsy/m/n on input line 31.
LaTeX Font Info:    ... okay on input line 31.
LaTeX Font Info:    Checking defaults for OT1/cmr/m/n on input line 31.
LaTeX Font Info:    ... okay on input line 31.
LaTeX Font Info:    Checking defaults for T1/cmr/m/n on input line 31.
LaTeX Font Info:    ... okay on input line 31.
LaTeX Font Info:    Checking defaults for TS1/cmr/m/n on input line 31.
LaTeX Font Info:    ... okay on input line 31.
LaTeX Font Info:    Checking defaults for OMX/cmex/m/n on input line 31.
LaTeX Font Info:    ... okay on input line 31.
LaTeX Font Info:    Checking defaults for U/cmr/m/n on input line 31.
LaTeX Font Info:    ... okay on input line 31.
LaTeX Font Info:    Checking defaults for PD1/pdf/m/n on input line 31.
LaTeX Font Info:    ... okay on input line 31.
LaTeX Font Info:    Checking defaults for PU/pdf/m/n on input line 31.
LaTeX Font Info:    ... okay on input line 31.

-- Lines per column: 56 (exact).
LaTeX Font Info:    Trying to load font information for T1+ptm on input line 31.
(/usr/local/texlive/2022/texmf-dist/tex/latex/psnfss/t1ptm.fd
File: t1ptm.fd 2001/06/04 font definitions for T1/ptm.
)

LaTeX Font Warning: Font shape `T1/ptm/n/n' undefined
(Font)              using `T1/ptm/m/n' instead on input line 31.

(/usr/local/texlive/2022/texmf-dist/tex/context/base/mkii/supp-pdf.mkii
[Loading MPS to PDF converter (version 2006.09.02).]
\scratchcounter=\count341
\scratchdimen=\dimen322
\scratchbox=\box79
\nofMPsegments=\count342
\nofMParguments=\count343
\everyMPshowfont=\toks50
\MPscratchCnt=\count344
\MPscratchDim=\dimen323
\MPnumerator=\count345
\makeMPintoPDFobject=\count346
\everyMPtoPDFconversion=\toks51
) (/usr/local/texlive/2022/texmf-dist/tex/latex/epstopdf-pkg/epstopdf-base.sty
Package: epstopdf-base 2020-01-24 v2.11 Base part for package epstopdf
Package epstopdf-base Info: Redefining graphics rule for `.eps' on input line 485.
 (/usr/local/texlive/2022/texmf-dist/tex/latex/latexconfig/epstopdf-sys.cfg
File: epstopdf-sys.cfg 2010/07/13 v1.3 Configuration of (r)epstopdf for TeX Live
))
Package hyperref Info: Link coloring OFF on input line 31.
 (/usr/local/texlive/2022/texmf-dist/tex/latex/hyperref/nameref.sty
Package: nameref 2021-04-02 v2.47 Cross-referencing by name of section
 (/usr/local/texlive/2022/texmf-dist/tex/latex/refcount/refcount.sty
Package: refcount 2019/12/15 v3.6 Data extraction from label references (HO)
) (/usr/local/texlive/2022/texmf-dist/tex/generic/gettitlestring/gettitlestring.sty
Package: gettitlestring 2019/12/15 v1.6 Cleanup title references (HO)
)
\c@section@level=\count347
)
LaTeX Info: Redefining \ref on input line 31.
LaTeX Info: Redefining \pageref on input line 31.
LaTeX Info: Redefining \nameref on input line 31.
 (./tqe.out) (./tqe.out)
\@outlinefile=\write4
\openout4 = `tqe.out'.

Package caption Info: Begin \AtBeginDocument code.
Package caption Info: End \AtBeginDocument code.
<bullet.png, id=91, 12.045pt x 35.38219pt>
File: bullet.png Graphic file (type png)
<use bullet.png>
Package pdftex.def Info: bullet.png  used on input line 71.
(pdftex.def)             Requested size: 5.0pt x 14.6871pt.
LaTeX Font Info:    Trying to load font information for T1+phv on input line 71.
 (/usr/local/texlive/2022/texmf-dist/tex/latex/psnfss/t1phv.fd
File: t1phv.fd 2020/03/25 scalable font definitions for T1/phv.
)

LaTeX Font Warning: Font shape `T1/phv/n/n' undefined
(Font)              using `T1/phv/m/n' instead on input line 71.

File: bullet.png Graphic file (type png)
<use bullet.png>
Package pdftex.def Info: bullet.png  used on input line 75.
(pdftex.def)             Requested size: 5.0pt x 14.6871pt.

Underfull \hbox (badness 7685) in paragraph at lines 75--80
[]\T1/phv/b/n/10 INDEX TERMS[]  \T1/ptm/n/n/10 En-ter key words or phrases in al-pha-bet-i-cal or-der, sep-a-rated by com-
 []


Underfull \hbox (badness 4582) in paragraph at lines 75--80
\T1/ptm/n/n/10 mas. For a list of sug-gested key-words, send a blank email to key-words@ieee.org or visit
 []

LaTeX Font Info:    Calculating math sizes for size <9.9> on input line 85.
LaTeX Font Info:    Calculating math sizes for size <6.6> on input line 85.

Overfull \hbox (9.2679pt too wide) in paragraph at lines 85--85
[]  
 []


Overfull \hbox (9.2679pt too wide) in paragraph at lines 85--85
[]  
 []


Underfull \vbox (badness 1472) has occurred while \output is active []


Underfull \vbox (badness 1472) has occurred while \output is active []

<Logo.png, id=108, 37.0986pt x 7.7088pt>
File: Logo.png Graphic file (type png)
<use Logo.png>
Package pdftex.def Info: Logo.png  used on input line 93.
(pdftex.def)             Requested size: 91.32pt x 18.97797pt.

Overfull \hbox (505.12177pt too wide) has occurred while \output is active
[]
 []


Overfull \hbox (505.12177pt too wide) has occurred while \output is active
[]
 []


Overfull \hbox (505.12177pt too wide) has occurred while \output is active
[]
 []


Underfull \hbox (badness 10000) has occurred while \output is active
[]
 []

[1


 <./Logo.png> <./bullet.png>]
<peiyong_fig_1.png, id=148, 885.90974pt x 518.77815pt>
File: peiyong_fig_1.png Graphic file (type png)
<use peiyong_fig_1.png>
Package pdftex.def Info: peiyong_fig_1.png  used on input line 100.
(pdftex.def)             Requested size: 505.12177pt x 295.79369pt.
File: peiyong_fig_1.png Graphic file (type png)
<use peiyong_fig_1.png>
Package pdftex.def Info: peiyong_fig_1.png  used on input line 100.
(pdftex.def)             Requested size: 505.12177pt x 295.79369pt.
<notaglineLogo.png, id=152, 154.5775pt x 32.12pt>
File: notaglineLogo.png Graphic file (type png)
<use notaglineLogo.png>
Package pdftex.def Info: notaglineLogo.png  used on input line 107.
(pdftex.def)             Requested size: 91.32pt x 18.9761pt.

Overfull \hbox (505.12177pt too wide) has occurred while \output is active
[]
 []


Overfull \hbox (505.12177pt too wide) has occurred while \output is active
[]
 []


Underfull \hbox (badness 10000) has occurred while \output is active
[]
 []

[2 <./notaglineLogo.png>]
Underfull \vbox (badness 10000) has occurred while \output is active []

File: notaglineLogo.png Graphic file (type png)
<use notaglineLogo.png>
Package pdftex.def Info: notaglineLogo.png  used on input line 137.
(pdftex.def)             Requested size: 91.32pt x 18.9761pt.

Overfull \hbox (505.12177pt too wide) has occurred while \output is active
[]
 []


Overfull \hbox (505.12177pt too wide) has occurred while \output is active
[]
 []


Underfull \hbox (badness 10000) has occurred while \output is active
[]
 []

[3 <./peiyong_fig_1.png (PNG copy)>]
<peiyong_fig_2.png, id=198, 364.36125pt x 369.38pt>
File: peiyong_fig_2.png Graphic file (type png)
<use peiyong_fig_2.png>
Package pdftex.def Info: peiyong_fig_2.png  used on input line 145.
(pdftex.def)             Requested size: 145.6056pt x 147.60846pt.
File: notaglineLogo.png Graphic file (type png)
<use notaglineLogo.png>
Package pdftex.def Info: notaglineLogo.png  used on input line 179.
(pdftex.def)             Requested size: 91.32pt x 18.9761pt.

Overfull \hbox (505.12177pt too wide) has occurred while \output is active
[]
 []


Overfull \hbox (505.12177pt too wide) has occurred while \output is active
[]
 []


Underfull \hbox (badness 10000) has occurred while \output is active
[]
 []

[4 <./peiyong_fig_2.png>]

LaTeX Warning: No positions in optional float specifier.
               Default added (so using `tbp') on input line 192.

<peiyong_fig_3.png, id=228, 1896.08376pt x 2009.5075pt>
File: peiyong_fig_3.png Graphic file (type png)
<use peiyong_fig_3.png>
Package pdftex.def Info: peiyong_fig_3.png  used on input line 194.
(pdftex.def)             Requested size: 194.13957pt x 205.74588pt.

LaTeX Font Warning: Font shape `T1/ptm/n/sc' undefined
(Font)              using `T1/ptm/n/n' instead on input line 200.

<peiyong_fig_4.png, id=237, 734.745pt x 353.32pt>
File: peiyong_fig_4.png Graphic file (type png)
<use peiyong_fig_4.png>
Package pdftex.def Info: peiyong_fig_4.png  used on input line 210.
(pdftex.def)             Requested size: 194.13957pt x 93.3544pt.

Underfull \vbox (badness 5189) has occurred while \output is active []

File: notaglineLogo.png Graphic file (type png)
<use notaglineLogo.png>
Package pdftex.def Info: notaglineLogo.png  used on input line 214.
(pdftex.def)             Requested size: 91.32pt x 18.9761pt.

Overfull \hbox (505.12177pt too wide) has occurred while \output is active
[]
 []


Overfull \hbox (505.12177pt too wide) has occurred while \output is active
[]
 []


Underfull \hbox (badness 10000) has occurred while \output is active
[]
 []

[5 <./peiyong_fig_3.png>]
Underfull \hbox (badness 2443) in paragraph at lines 217--218
[]\T1/ptm/n/sc/10 We de-note a quan-tum cir-cuit with $\OML/cmm/m/it/10 p$ \T1/ptm/n/sc/10 lay-ers $\OMS/cmsy/m/n/10 P \OT1/cmr/m/n/10 =
 []

File: notaglineLogo.png Graphic file (type png)
<use notaglineLogo.png>
Package pdftex.def Info: notaglineLogo.png  used on input line 252.
(pdftex.def)             Requested size: 91.32pt x 18.9761pt.

Overfull \hbox (505.12177pt too wide) has occurred while \output is active
[]
 []


Overfull \hbox (505.12177pt too wide) has occurred while \output is active
[]
 []


Underfull \hbox (badness 10000) has occurred while \output is active
[]
 []

[6 <./peiyong_fig_4.png>]
Package hyperref Info: bookmark level for unknown algorithm defaults to 0 on input line 256.

Underfull \vbox (badness 10000) has occurred while \output is active []



Package pgf Warning: Returning node center instead of a point on node border. Did you specify a point identical to the center of node ``tikz@f@2-1-2''? on input line 345.


Package pgf Warning: Returning node center instead of a point on node border. Did you specify a point identical to the center of node ``tikz@f@2-1-2''? on input line 345.


Package pgf Warning: Returning node center instead of a point on node border. Did you specify a point identical to the center of node ``tikz@f@2-1-6''? on input line 345.


Package pgf Warning: Returning node center instead of a point on node border. Did you specify a point identical to the center of node ``tikz@f@2-1-6''? on input line 345.


Package pgf Warning: Returning node center instead of a point on node border. Did you specify a point identical to the center of node ``tikz@f@2-2-3''? on input line 345.


Package pgf Warning: Returning node center instead of a point on node border. Did you specify a point identical to the center of node ``tikz@f@2-2-3''? on input line 345.


Package pgf Warning: Returning node center instead of a point on node border. Did you specify a point identical to the center of node ``tikz@f@2-2-5''? on input line 345.


Package pgf Warning: Returning node center instead of a point on node border. Did you specify a point identical to the center of node ``tikz@f@2-2-5''? on input line 345.


Package pgf Warning: Returning node center instead of a point on node border. Did you specify a point identical to the center of node ``tikz@f@2-3-4''? on input line 345.


Package pgf Warning: Returning node center instead of a point on node border. Did you specify a point identical to the center of node ``tikz@f@2-3-4''? on input line 345.


Underfull \vbox (badness 10000) has occurred while \output is active []

File: notaglineLogo.png Graphic file (type png)
<use notaglineLogo.png>
Package pdftex.def Info: notaglineLogo.png  used on input line 350.
(pdftex.def)             Requested size: 91.32pt x 18.9761pt.

Overfull \hbox (505.12177pt too wide) has occurred while \output is active
[]
 []


Overfull \hbox (505.12177pt too wide) has occurred while \output is active
[]
 []


Underfull \hbox (badness 10000) has occurred while \output is active
[]
 []

[7]
Underfull \hbox (badness 1755) in paragraph at lines 368--369
[]\T1/ptm/n/sc/10 We de-note the uni-tary on all four qubits shown in
 []

<peiyong_fig_5.pdf, id=294, 238.49101pt x 180.675pt>
File: peiyong_fig_5.pdf Graphic file (type pdf)
<use peiyong_fig_5.pdf>
Package pdftex.def Info: peiyong_fig_5.pdf  used on input line 390.
(pdftex.def)             Requested size: 194.13957pt x 147.0765pt.

Package pgf Warning: Returning node center instead of a point on node border. Did you specify a point identical to the center of node ``tikz@f@3-1-3''? on input line 404.


Package pgf Warning: Returning node center instead of a point on node border. Did you specify a point identical to the center of node ``tikz@f@3-1-3''? on input line 404.


Package pgf Warning: Returning node center instead of a point on node border. Did you specify a point identical to the center of node ``tikz@f@3-1-4''? on input line 404.


Package pgf Warning: Returning node center instead of a point on node border. Did you specify a point identical to the center of node ``tikz@f@3-1-4''? on input line 404.


Package pgf Warning: Returning node center instead of a point on node border. Did you specify a point identical to the center of node ``tikz@f@3-1-7''? on input line 404.


Package pgf Warning: Returning node center instead of a point on node border. Did you specify a point identical to the center of node ``tikz@f@3-1-7''? on input line 404.


Package pgf Warning: Returning node center instead of a point on node border. Did you specify a point identical to the center of node ``tikz@f@3-2-5''? on input line 404.


Package pgf Warning: Returning node center instead of a point on node border. Did you specify a point identical to the center of node ``tikz@f@3-2-5''? on input line 404.


Package pgf Warning: Returning node center instead of a point on node border. Did you specify a point identical to the center of node ``tikz@f@3-2-6''? on input line 404.


Package pgf Warning: Returning node center instead of a point on node border. Did you specify a point identical to the center of node ``tikz@f@3-2-6''? on input line 404.


Overfull \hbox (12.98535pt too wide) in paragraph at lines 404--405
 [][] 
 []


Package pgf Warning: Returning node center instead of a point on node border. Did you specify a point identical to the center of node ``tikz@f@4-1-2''? on input line 418.


Package pgf Warning: Returning node center instead of a point on node border. Did you specify a point identical to the center of node ``tikz@f@4-1-2''? on input line 418.


Package pgf Warning: Returning node center instead of a point on node border. Did you specify a point identical to the center of node ``tikz@f@4-1-5''? on input line 418.


Package pgf Warning: Returning node center instead of a point on node border. Did you specify a point identical to the center of node ``tikz@f@4-1-5''? on input line 418.


Package pgf Warning: Returning node center instead of a point on node border. Did you specify a point identical to the center of node ``tikz@f@4-1-6''? on input line 418.


Package pgf Warning: Returning node center instead of a point on node border. Did you specify a point identical to the center of node ``tikz@f@4-1-6''? on input line 418.


Package pgf Warning: Returning node center instead of a point on node border. Did you specify a point identical to the center of node ``tikz@f@4-2-3''? on input line 418.


Package pgf Warning: Returning node center instead of a point on node border. Did you specify a point identical to the center of node ``tikz@f@4-2-3''? on input line 418.


Package pgf Warning: Returning node center instead of a point on node border. Did you specify a point identical to the center of node ``tikz@f@4-2-4''? on input line 418.


Package pgf Warning: Returning node center instead of a point on node border. Did you specify a point identical to the center of node ``tikz@f@4-2-4''? on input line 418.

File: notaglineLogo.png Graphic file (type png)
<use notaglineLogo.png>
Package pdftex.def Info: notaglineLogo.png  used on input line 430.
(pdftex.def)             Requested size: 91.32pt x 18.9761pt.

Overfull \hbox (505.12177pt too wide) has occurred while \output is active
[]
 []


Overfull \hbox (505.12177pt too wide) has occurred while \output is active
[]
 []


Underfull \hbox (badness 10000) has occurred while \output is active
[]
 []

[8 <./peiyong_fig_5.pdf>]
<peiyong_fig_6.pdf, id=354, 238.49101pt x 180.675pt>
File: peiyong_fig_6.pdf Graphic file (type pdf)
<use peiyong_fig_6.pdf>
Package pdftex.def Info: peiyong_fig_6.pdf  used on input line 475.
(pdftex.def)             Requested size: 202.04561pt x 153.0672pt.
<peiyong_fig_7.pdf, id=355, 238.49101pt x 180.675pt>
File: peiyong_fig_7.pdf Graphic file (type pdf)
<use peiyong_fig_7.pdf>
Package pdftex.def Info: peiyong_fig_7.pdf  used on input line 482.
(pdftex.def)             Requested size: 202.04561pt x 153.0672pt.

Underfull \hbox (badness 2351) in paragraph at lines 483--483
[]\T1/ptm/m/n/9 (b) |Fine-tune loss for the VQLS cir-cuit.After the
 []


Package pgf Warning: Returning node center instead of a point on node border. Did you specify a point identical to the center of node ``tikz@f@5-1-4''? on input line 501.


Package pgf Warning: Returning node center instead of a point on node border. Did you specify a point identical to the center of node ``tikz@f@5-1-4''? on input line 501.


Package pgf Warning: Returning node center instead of a point on node border. Did you specify a point identical to the center of node ``tikz@f@5-1-6''? on input line 501.


Package pgf Warning: Returning node center instead of a point on node border. Did you specify a point identical to the center of node ``tikz@f@5-1-6''? on input line 501.


Package pgf Warning: Returning node center instead of a point on node border. Did you specify a point identical to the center of node ``tikz@f@5-3-4''? on input line 501.


Package pgf Warning: Returning node center instead of a point on node border. Did you specify a point identical to the center of node ``tikz@f@5-3-4''? on input line 501.

<peiyong_fig_8.pdf, id=362, 794.97pt x 289.08pt>
File: peiyong_fig_8.pdf Graphic file (type pdf)
<use peiyong_fig_8.pdf>
Package pdftex.def Info: peiyong_fig_8.pdf  used on input line 508.
(pdftex.def)             Requested size: 505.12177pt x 183.68726pt.

LaTeX Font Warning: Font shape `T1/phv/n/sl' undefined
(Font)              using `T1/phv/n/n' instead on input line 531.


Underfull \hbox (badness 10000) in paragraph at lines 533--533
[][][][]\T1/ptm/m/n/8 see []$https : / / pennylane . readthedocs . io / en / latest / code / api / pennylane .
 []


Underfull \vbox (badness 2173) has occurred while \output is active []

File: notaglineLogo.png Graphic file (type png)
<use notaglineLogo.png>
Package pdftex.def Info: notaglineLogo.png  used on input line 541.
(pdftex.def)             Requested size: 91.32pt x 18.9761pt.

Overfull \hbox (505.12177pt too wide) has occurred while \output is active
[]
 []


Overfull \hbox (505.12177pt too wide) has occurred while \output is active
[]
 []


Underfull \hbox (badness 10000) has occurred while \output is active
[]
 []

[9]
Underfull \hbox (badness 10000) in paragraph at lines 542--542
[][][][]\T1/ptm/m/n/8 see []$https : / / pennylane . readthedocs . io / en / latest / code / api / pennylane .
 []


Overfull \hbox (1.56989pt too wide) detected at line 553
[][][]\OML/cmm/m/it/10 L[] \OT1/cmr/m/n/10 = \OMS/cmsy/m/n/10 h\OML/cmm/m/it/10  []\OMS/cmsy/m/n/10 j\OML/cmm/m/it/10 U[]H[]U[]\OMS/cmsy/m/n/10 j\OML/cmm/m/it/10  []\OMS/cmsy/m/n/10 i
 []

File: notaglineLogo.png Graphic file (type png)
<use notaglineLogo.png>
Package pdftex.def Info: notaglineLogo.png  used on input line 570.
(pdftex.def)             Requested size: 91.32pt x 18.9761pt.

Overfull \hbox (505.12177pt too wide) has occurred while \output is active
[]
 []


Overfull \hbox (505.12177pt too wide) has occurred while \output is active
[]
 []


Underfull \hbox (badness 10000) has occurred while \output is active
[]
 []

[10 <./peiyong_fig_6.pdf> <./peiyong_fig_7.pdf>]
<peiyong_fig_9.pdf, id=503, 238.49101pt x 180.675pt>
File: peiyong_fig_9.pdf Graphic file (type pdf)
<use peiyong_fig_9.pdf>
Package pdftex.def Info: peiyong_fig_9.pdf  used on input line 613.
(pdftex.def)             Requested size: 202.04561pt x 153.0672pt.
<peiyong_fig_10.pdf, id=504, 238.49101pt x 180.675pt>
File: peiyong_fig_10.pdf Graphic file (type pdf)
<use peiyong_fig_10.pdf>
Package pdftex.def Info: peiyong_fig_10.pdf  used on input line 620.
(pdftex.def)             Requested size: 202.04561pt x 153.0672pt.


Package pgf Warning: Returning node center instead of a point on node border. Did you specify a point identical to the center of node ``tikz@f@6-1-6''? on input line 635.


Package pgf Warning: Returning node center instead of a point on node border. Did you specify a point identical to the center of node ``tikz@f@6-1-6''? on input line 635.


Package pgf Warning: Returning node center instead of a point on node border. Did you specify a point identical to the center of node ``tikz@f@6-1-8''? on input line 635.


Package pgf Warning: Returning node center instead of a point on node border. Did you specify a point identical to the center of node ``tikz@f@6-1-8''? on input line 635.


Package pgf Warning: Returning node center instead of a point on node border. Did you specify a point identical to the center of node ``tikz@f@6-1-9''? on input line 635.


Package pgf Warning: Returning node center instead of a point on node border. Did you specify a point identical to the center of node ``tikz@f@6-1-9''? on input line 635.


Package pgf Warning: Returning node center instead of a point on node border. Did you specify a point identical to the center of node ``tikz@f@6-1-10''? on input line 635.


Package pgf Warning: Returning node center instead of a point on node border. Did you specify a point identical to the center of node ``tikz@f@6-1-10''? on input line 635.


Package pgf Warning: Returning node center instead of a point on node border. Did you specify a point identical to the center of node ``tikz@f@6-1-14''? on input line 635.


Package pgf Warning: Returning node center instead of a point on node border. Did you specify a point identical to the center of node ``tikz@f@6-1-14''? on input line 635.


Package pgf Warning: Returning node center instead of a point on node border. Did you specify a point identical to the center of node ``tikz@f@6-2-5''? on input line 635.


Package pgf Warning: Returning node center instead of a point on node border. Did you specify a point identical to the center of node ``tikz@f@6-2-5''? on input line 635.


Package pgf Warning: Returning node center instead of a point on node border. Did you specify a point identical to the center of node ``tikz@f@6-2-11''? on input line 635.


Package pgf Warning: Returning node center instead of a point on node border. Did you specify a point identical to the center of node ``tikz@f@6-2-11''? on input line 635.


Package pgf Warning: Returning node center instead of a point on node border. Did you specify a point identical to the center of node ``tikz@f@6-2-13''? on input line 635.


Package pgf Warning: Returning node center instead of a point on node border. Did you specify a point identical to the center of node ``tikz@f@6-2-13''? on input line 635.


Package pgf Warning: Returning node center instead of a point on node border. Did you specify a point identical to the center of node ``tikz@f@6-3-3''? on input line 635.


Package pgf Warning: Returning node center instead of a point on node border. Did you specify a point identical to the center of node ``tikz@f@6-3-3''? on input line 635.


Package pgf Warning: Returning node center instead of a point on node border. Did you specify a point identical to the center of node ``tikz@f@6-3-6''? on input line 635.


Package pgf Warning: Returning node center instead of a point on node border. Did you specify a point identical to the center of node ``tikz@f@6-3-6''? on input line 635.


Package pgf Warning: Returning node center instead of a point on node border. Did you specify a point identical to the center of node ``tikz@f@6-3-8''? on input line 635.


Package pgf Warning: Returning node center instead of a point on node border. Did you specify a point identical to the center of node ``tikz@f@6-3-8''? on input line 635.


Package pgf Warning: Returning node center instead of a point on node border. Did you specify a point identical to the center of node ``tikz@f@6-3-10''? on input line 635.


Package pgf Warning: Returning node center instead of a point on node border. Did you specify a point identical to the center of node ``tikz@f@6-3-10''? on input line 635.


Package pgf Warning: Returning node center instead of a point on node border. Did you specify a point identical to the center of node ``tikz@f@6-3-14''? on input line 635.


Package pgf Warning: Returning node center instead of a point on node border. Did you specify a point identical to the center of node ``tikz@f@6-3-14''? on input line 635.

File: notaglineLogo.png Graphic file (type png)
<use notaglineLogo.png>
Package pdftex.def Info: notaglineLogo.png  used on input line 640.
(pdftex.def)             Requested size: 91.32pt x 18.9761pt.

Overfull \hbox (505.12177pt too wide) has occurred while \output is active
[]
 []


Overfull \hbox (505.12177pt too wide) has occurred while \output is active
[]
 []


Underfull \hbox (badness 10000) has occurred while \output is active
[]
 []

[11 <./peiyong_fig_8.pdf>]
<peiyong_fig_11.pdf, id=562, 238.49101pt x 180.675pt>
File: peiyong_fig_11.pdf Graphic file (type pdf)
<use peiyong_fig_11.pdf>
Package pdftex.def Info: peiyong_fig_11.pdf  used on input line 646.
(pdftex.def)             Requested size: 202.04561pt x 153.0672pt.
<peiyong_fig_12.pdf, id=563, 238.49101pt x 180.675pt>
File: peiyong_fig_12.pdf Graphic file (type pdf)
<use peiyong_fig_12.pdf>
Package pdftex.def Info: peiyong_fig_12.pdf  used on input line 653.
(pdftex.def)             Requested size: 202.04561pt x 153.0672pt.


Package pgf Warning: Returning node center instead of a point on node border. Did you specify a point identical to the center of node ``tikz@f@7-2-6''? on input line 674.


Package pgf Warning: Returning node center instead of a point on node border. Did you specify a point identical to the center of node ``tikz@f@7-2-6''? on input line 674.


Package pgf Warning: Returning node center instead of a point on node border. Did you specify a point identical to the center of node ``tikz@f@7-3-4''? on input line 674.


Package pgf Warning: Returning node center instead of a point on node border. Did you specify a point identical to the center of node ``tikz@f@7-3-4''? on input line 674.


Package pgf Warning: Returning node center instead of a point on node border. Did you specify a point identical to the center of node ``tikz@f@7-3-5''? on input line 674.


Package pgf Warning: Returning node center instead of a point on node border. Did you specify a point identical to the center of node ``tikz@f@7-3-5''? on input line 674.


Package pgf Warning: Returning node center instead of a point on node border. Did you specify a point identical to the center of node ``tikz@f@7-3-7''? on input line 674.


Package pgf Warning: Returning node center instead of a point on node border. Did you specify a point identical to the center of node ``tikz@f@7-3-7''? on input line 674.


Package pgf Warning: Returning node center instead of a point on node border. Did you specify a point identical to the center of node ``tikz@f@7-4-3''? on input line 674.


Package pgf Warning: Returning node center instead of a point on node border. Did you specify a point identical to the center of node ``tikz@f@7-4-3''? on input line 674.

<peiyong_fig_13.pdf, id=573, 238.49101pt x 180.675pt>
File: peiyong_fig_13.pdf Graphic file (type pdf)
<use peiyong_fig_13.pdf>
Package pdftex.def Info: peiyong_fig_13.pdf  used on input line 685.
(pdftex.def)             Requested size: 202.04561pt x 153.0672pt.
<peiyong_fig_14.pdf, id=574, 238.49101pt x 180.675pt>
File: peiyong_fig_14.pdf Graphic file (type pdf)
<use peiyong_fig_14.pdf>
Package pdftex.def Info: peiyong_fig_14.pdf  used on input line 692.
(pdftex.def)             Requested size: 202.04561pt x 153.0672pt.
<peiyong_fig_15.png, id=579, 3751.01375pt x 1255.69125pt>
File: peiyong_fig_15.png Graphic file (type png)
<use peiyong_fig_15.png>
Package pdftex.def Info: peiyong_fig_15.png  used on input line 701.
(pdftex.def)             Requested size: 454.60649pt x 152.17094pt.

LaTeX Font Warning: Font shape `T1/phv/b/scsl' undefined
(Font)              using `T1/phv/b/sc' instead on input line 706.


Underfull \vbox (badness 10000) has occurred while \output is active []

File: notaglineLogo.png Graphic file (type png)
<use notaglineLogo.png>
Package pdftex.def Info: notaglineLogo.png  used on input line 716.
(pdftex.def)             Requested size: 91.32pt x 18.9761pt.

Overfull \hbox (505.12177pt too wide) has occurred while \output is active
[]
 []


Overfull \hbox (505.12177pt too wide) has occurred while \output is active
[]
 []


Underfull \hbox (badness 10000) has occurred while \output is active
[]
 []

[12 <./peiyong_fig_9.pdf> <./peiyong_fig_10.pdf>]
Underfull \vbox (badness 10000) has occurred while \output is active []



LaTeX Font Warning: Font shape `T1/phv/n/scsl' undefined
(Font)              using `T1/phv/n/sc' instead on input line 720.


LaTeX Font Warning: Font shape `T1/phv/n/sc' undefined
(Font)              using `T1/phv/n/n' instead on input line 720.

<peiyong_fig_16.pdf, id=668, 462.52798pt x 346.89601pt>
File: peiyong_fig_16.pdf Graphic file (type pdf)
<use peiyong_fig_16.pdf>
Package pdftex.def Info: peiyong_fig_16.pdf  used on input line 723.
(pdftex.def)             Requested size: 194.13957pt x 145.60533pt.

Underfull \vbox (badness 10000) has occurred while \output is active []

File: notaglineLogo.png Graphic file (type png)
<use notaglineLogo.png>
Package pdftex.def Info: notaglineLogo.png  used on input line 727.
(pdftex.def)             Requested size: 91.32pt x 18.9761pt.

Overfull \hbox (505.12177pt too wide) has occurred while \output is active
[]
 []


Overfull \hbox (505.12177pt too wide) has occurred while \output is active
[]
 []


Underfull \hbox (badness 10000) has occurred while \output is active
[]
 []

[13 <./peiyong_fig_11.pdf> <./peiyong_fig_12.pdf>]
Underfull \vbox (badness 10000) has occurred while \output is active []


Overfull \hbox (16.04851pt too wide) detected at line 731
[][][]\OML/cmm/m/it/10 L[] \OT1/cmr/m/n/10 = ([])[]\OML/cmm/m/it/10 U[]H[]U[]\OT1/cmr/m/n/10 ([])[]
 []

File: notaglineLogo.png Graphic file (type png)
<use notaglineLogo.png>
Package pdftex.def Info: notaglineLogo.png  used on input line 745.
(pdftex.def)             Requested size: 91.32pt x 18.9761pt.

Overfull \hbox (505.12177pt too wide) has occurred while \output is active
[]
 []


Overfull \hbox (505.12177pt too wide) has occurred while \output is active
[]
 []


Underfull \hbox (badness 10000) has occurred while \output is active
[]
 []

[14 <./peiyong_fig_13.pdf> <./peiyong_fig_14.pdf> <./peiyong_fig_15.png> <./peiyong_fig_16.pdf>]

LaTeX Font Warning: Font shape `T1/phv/n/scsl' undefined
(Font)              using `T1/phv/n/sc' instead on input line 748.

<peiyong_fig_17.pdf, id=854, 462.52798pt x 346.89601pt>
File: peiyong_fig_17.pdf Graphic file (type pdf)
<use peiyong_fig_17.pdf>
Package pdftex.def Info: peiyong_fig_17.pdf  used on input line 753.
(pdftex.def)             Requested size: 194.13957pt x 145.60533pt.

LaTeX Font Warning: Font shape `T1/phv/n/scsl' undefined
(Font)              using `T1/phv/n/sc' instead on input line 759.


Package pgf Warning: Returning node center instead of a point on node border. Did you specify a point identical to the center of node ``tikz@f@8-3-4''? on input line 777.


Package pgf Warning: Returning node center instead of a point on node border. Did you specify a point identical to the center of node ``tikz@f@8-3-4''? on input line 777.


Package pgf Warning: Returning node center instead of a point on node border. Did you specify a point identical to the center of node ``tikz@f@8-3-6''? on input line 777.


Package pgf Warning: Returning node center instead of a point on node border. Did you specify a point identical to the center of node ``tikz@f@8-3-6''? on input line 777.


Package pgf Warning: Returning node center instead of a point on node border. Did you specify a point identical to the center of node ``tikz@f@8-3-7''? on input line 777.


Package pgf Warning: Returning node center instead of a point on node border. Did you specify a point identical to the center of node ``tikz@f@8-3-7''? on input line 777.


Package pgf Warning: Returning node center instead of a point on node border. Did you specify a point identical to the center of node ``tikz@f@9-1-4''? on input line 794.


Package pgf Warning: Returning node center instead of a point on node border. Did you specify a point identical to the center of node ``tikz@f@9-1-4''? on input line 794.


Package pgf Warning: Returning node center instead of a point on node border. Did you specify a point identical to the center of node ``tikz@f@9-5-6''? on input line 794.


Package pgf Warning: Returning node center instead of a point on node border. Did you specify a point identical to the center of node ``tikz@f@9-5-6''? on input line 794.


Package pgf Warning: Returning node center instead of a point on node border. Did you specify a point identical to the center of node ``tikz@f@9-5-7''? on input line 794.


Package pgf Warning: Returning node center instead of a point on node border. Did you specify a point identical to the center of node ``tikz@f@9-5-7''? on input line 794.


Package pgf Warning: Returning node center instead of a point on node border. Did you specify a point identical to the center of node ``tikz@f@9-6-8''? on input line 794.


Package pgf Warning: Returning node center instead of a point on node border. Did you specify a point identical to the center of node ``tikz@f@9-6-8''? on input line 794.


Package pgf Warning: Returning node center instead of a point on node border. Did you specify a point identical to the center of node ``tikz@f@9-6-9''? on input line 794.


Package pgf Warning: Returning node center instead of a point on node border. Did you specify a point identical to the center of node ``tikz@f@9-6-9''? on input line 794.

<peiyong_fig_18.pdf, id=868, 462.52798pt x 346.89601pt>
File: peiyong_fig_18.pdf Graphic file (type pdf)
<use peiyong_fig_18.pdf>
Package pdftex.def Info: peiyong_fig_18.pdf  used on input line 806.
(pdftex.def)             Requested size: 242.45628pt x 181.84259pt.
<peiyong_fig_19.pdf, id=869, 462.52798pt x 346.89601pt>
File: peiyong_fig_19.pdf Graphic file (type pdf)
<use peiyong_fig_19.pdf>
Package pdftex.def Info: peiyong_fig_19.pdf  used on input line 813.
(pdftex.def)             Requested size: 242.45628pt x 181.84259pt.
<peiyong_fig_20.pdf, id=874, 238.49101pt x 180.675pt>
File: peiyong_fig_20.pdf Graphic file (type pdf)
<use peiyong_fig_20.pdf>
Package pdftex.def Info: peiyong_fig_20.pdf  used on input line 825.
(pdftex.def)             Requested size: 230.33272pt x 174.49638pt.
<peiyong_fig_21.pdf, id=879, 238.49101pt x 180.675pt>
File: peiyong_fig_21.pdf Graphic file (type pdf)
<use peiyong_fig_21.pdf>
Package pdftex.def Info: peiyong_fig_21.pdf  used on input line 831.
(pdftex.def)             Requested size: 242.45628pt x 183.68228pt.
<peiyong_fig_22.pdf, id=884, 238.49101pt x 180.675pt>
File: peiyong_fig_22.pdf Graphic file (type pdf)
<use peiyong_fig_22.pdf>
Package pdftex.def Info: peiyong_fig_22.pdf  used on input line 837.
(pdftex.def)             Requested size: 240.03305pt x 181.8462pt.
<peiyong_fig_23.pdf, id=889, 238.49101pt x 180.675pt>
File: peiyong_fig_23.pdf Graphic file (type pdf)
<use peiyong_fig_23.pdf>
Package pdftex.def Info: peiyong_fig_23.pdf  used on input line 843.
(pdftex.def)             Requested size: 242.45628pt x 183.68228pt.

LaTeX Font Warning: Font shape `T1/phv/n/scsl' undefined
(Font)              using `T1/phv/n/sc' instead on input line 850.

<peiyong_fig_24.pdf, id=899, 238.49101pt x 180.675pt>
File: peiyong_fig_24.pdf Graphic file (type pdf)
<use peiyong_fig_24.pdf>
Package pdftex.def Info: peiyong_fig_24.pdf  used on input line 856.
(pdftex.def)             Requested size: 232.35939pt x 176.03197pt.
<peiyong_fig_25.pdf, id=900, 238.49101pt x 180.675pt>
File: peiyong_fig_25.pdf Graphic file (type pdf)
<use peiyong_fig_25.pdf>
Package pdftex.def Info: peiyong_fig_25.pdf  used on input line 863.
(pdftex.def)             Requested size: 242.45628pt x 183.68228pt.

Package pgf Warning: Returning node center instead of a point on node border. Did you specify a point identical to the center of node ``tikz@f@10-1-4''? on input line 880.


Package pgf Warning: Returning node center instead of a point on node border. Did you specify a point identical to the center of node ``tikz@f@10-1-4''? on input line 880.


Package pgf Warning: Returning node center instead of a point on node border. Did you specify a point identical to the center of node ``tikz@f@10-1-6''? on input line 880.


Package pgf Warning: Returning node center instead of a point on node border. Did you specify a point identical to the center of node ``tikz@f@10-1-6''? on input line 880.


Package pgf Warning: Returning node center instead of a point on node border. Did you specify a point identical to the center of node ``tikz@f@10-2-7''? on input line 880.


Package pgf Warning: Returning node center instead of a point on node border. Did you specify a point identical to the center of node ``tikz@f@10-2-7''? on input line 880.


Package pgf Warning: Returning node center instead of a point on node border. Did you specify a point identical to the center of node ``tikz@f@10-3-9''? on input line 880.


Package pgf Warning: Returning node center instead of a point on node border. Did you specify a point identical to the center of node ``tikz@f@10-3-9''? on input line 880.


Overfull \hbox (33.74332pt too wide) in paragraph at lines 880--881
[][] 
 []

<peiyong_fig_26.pdf, id=901, 462.52798pt x 346.89601pt>
File: peiyong_fig_26.pdf Graphic file (type pdf)
<use peiyong_fig_26.pdf>
Package pdftex.def Info: peiyong_fig_26.pdf  used on input line 887.
(pdftex.def)             Requested size: 232.35939pt x 174.27332pt.
File: notaglineLogo.png Graphic file (type png)
<use notaglineLogo.png>
Package pdftex.def Info: notaglineLogo.png  used on input line 898.
(pdftex.def)             Requested size: 91.32pt x 18.9761pt.

Overfull \hbox (505.12177pt too wide) has occurred while \output is active
[]
 []


Overfull \hbox (505.12177pt too wide) has occurred while \output is active
[]
 []


Underfull \hbox (badness 10000) has occurred while \output is active
[]
 []

[15 <./peiyong_fig_17.pdf>]
File: notaglineLogo.png Graphic file (type png)
<use notaglineLogo.png>
Package pdftex.def Info: notaglineLogo.png  used on input line 922.
(pdftex.def)             Requested size: 91.32pt x 18.9761pt.

Overfull \hbox (505.12177pt too wide) has occurred while \output is active
[]
 []


Overfull \hbox (505.12177pt too wide) has occurred while \output is active
[]
 []


Underfull \hbox (badness 10000) has occurred while \output is active
[]
 []

[16 <./peiyong_fig_18.pdf> <./peiyong_fig_19.pdf>]

(./tqe.bbl

LaTeX Font Warning: Font shape `T1/ptm/n/it' undefined
(Font)              using `T1/ptm/n/n' instead on input line 7.


Underfull \vbox (badness 10000) has occurred while \output is active []

File: notaglineLogo.png Graphic file (type png)
<use notaglineLogo.png>
Package pdftex.def Info: notaglineLogo.png  used on input line 63.
(pdftex.def)             Requested size: 91.32pt x 18.9761pt.

Overfull \hbox (505.12177pt too wide) has occurred while \output is active
[]
 []


Overfull \hbox (505.12177pt too wide) has occurred while \output is active
[]
 []


Underfull \hbox (badness 10000) has occurred while \output is active
[]
 []

[17 <./peiyong_fig_20.pdf> <./peiyong_fig_21.pdf> <./peiyong_fig_22.pdf> <./peiyong_fig_23.pdf>]
Underfull \vbox (badness 6493) has occurred while \output is active []


Underfull \vbox (badness 3323) has occurred while \output is active []

File: notaglineLogo.png Graphic file (type png)
<use notaglineLogo.png>
Package pdftex.def Info: notaglineLogo.png  used on input line 128.
(pdftex.def)             Requested size: 91.32pt x 18.9761pt.

Overfull \hbox (505.12177pt too wide) has occurred while \output is active
[]
 []


Overfull \hbox (505.12177pt too wide) has occurred while \output is active
[]
 []


Underfull \hbox (badness 10000) has occurred while \output is active
[]
 []

[18 <./peiyong_fig_24.pdf> <./peiyong_fig_25.pdf> <./peiyong_fig_26.pdf>]
LaTeX Font Info:    Calculating math sizes for size <7.61> on input line 241.
)
File: bullet.png Graphic file (type png)
<use bullet.png>
Package pdftex.def Info: bullet.png  used on input line 929.
(pdftex.def)             Requested size: 5.0pt x 14.6871pt.
File: notaglineLogo.png Graphic file (type png)
<use notaglineLogo.png>
Package pdftex.def Info: notaglineLogo.png  used on input line 931.
(pdftex.def)             Requested size: 91.32pt x 18.9761pt.

Overfull \hbox (505.12177pt too wide) has occurred while \output is active
[]
 []


Overfull \hbox (505.12177pt too wide) has occurred while \output is active
[]
 []


Underfull \hbox (badness 10000) has occurred while \output is active
[]
 []

[19] (./tqe.aux)

LaTeX Font Warning: Some font shapes were not available, defaults substituted.

Package rerunfilecheck Info: File `tqe.out' has not changed.
(rerunfilecheck)             Checksum: 4BA925F7FA8667946AA3134FDDF7ED81;3556.
 ) 
Here is how much of TeX's memory you used:
 35493 strings out of 478268
 727046 string characters out of 5846346
 1179579 words of memory out of 5000000
 52923 multiletter control sequences out of 15000+600000
 587302 words of font info for 187 fonts, out of 8000000 for 9000
 1141 hyphenation exceptions out of 8191
 84i,24n,131p,2231b,1588s stack positions out of 10000i,1000n,20000p,200000b,200000s

pdfTeX warning (dest): name{section*.25} has been referenced but does not exist, replaced by a fixed one

{/usr/local/texlive/2022/texmf-dist/fonts/enc/dvips/base/8r.enc}</usr/local/texlive/2022/texmf-dist/fonts/type1/public/amsfonts/cm/cmbx10.pfb></usr/local/texlive/2022/texmf-dist/fonts/type1/public/amsfonts/cm/cmex10.pfb></usr/local/texlive/2022/texmf-dist/fonts/type1/public/amsfonts/cm/cmmi10.pfb></usr/local/texlive/2022/texmf-dist/fonts/type1/public/amsfonts/cm/cmmi5.pfb></usr/local/texlive/2022/texmf-dist/fonts/type1/public/amsfonts/cm/cmmi7.pfb></usr/local/texlive/2022/texmf-dist/fonts/type1/public/amsfonts/cm/cmmib10.pfb></usr/local/texlive/2022/texmf-dist/fonts/type1/public/amsfonts/cm/cmr10.pfb></usr/local/texlive/2022/texmf-dist/fonts/type1/public/amsfonts/cm/cmr5.pfb></usr/local/texlive/2022/texmf-dist/fonts/type1/public/amsfonts/cm/cmr6.pfb></usr/local/texlive/2022/texmf-dist/fonts/type1/public/amsfonts/cm/cmr7.pfb></usr/local/texlive/2022/texmf-dist/fonts/type1/public/amsfonts/cm/cmr9.pfb></usr/local/texlive/2022/texmf-dist/fonts/type1/public/amsfonts/cm/cmsy10.pfb></usr/local/texlive/2022/texmf-dist/fonts/type1/public/amsfonts/cm/cmsy5.pfb></usr/local/texlive/2022/texmf-dist/fonts/type1/public/amsfonts/cm/cmsy6.pfb></usr/local/texlive/2022/texmf-dist/fonts/type1/public/amsfonts/cm/cmsy7.pfb></usr/local/texlive/2022/texmf-dist/fonts/type1/urw/helvetic/uhvb8a.pfb></usr/local/texlive/2022/texmf-dist/fonts/type1/urw/helvetic/uhvbo8a.pfb></usr/local/texlive/2022/texmf-dist/fonts/type1/urw/helvetic/uhvr8a.pfb></usr/local/texlive/2022/texmf-dist/fonts/type1/urw/helvetic/uhvro8a.pfb></usr/local/texlive/2022/texmf-dist/fonts/type1/urw/times/utmb8a.pfb></usr/local/texlive/2022/texmf-dist/fonts/type1/urw/times/utmr8a.pfb></usr/local/texlive/2022/texmf-dist/fonts/type1/urw/times/utmri8a.pfb>
Output written on tqe.pdf (19 pages, 2106056 bytes).
PDF statistics:
 1385 PDF objects out of 1440 (max. 8388607)
 675 compressed objects within 7 object streams
 178 named destinations out of 1000 (max. 500000)
 334 words of extra memory for PDF output out of 10000 (max. 10000000)

